MegaDot v4.5.1.m.9.mono.custom_build - https://godotengine.org
D3D12 12_0 - Forward+ - Using Device #0: NVIDIA - NVIDIA GeForce RTX 5060 Ti
WARNING: PSO caching is not implemented yet in the Direct3D 12 driver.
   at: pipeline_cache_create (drivers/d3d12/rendering_device_driver_d3d12.cpp:4467)

FMOD Sound System: Successfully initialized
[INFO] Found release_info.json at: D:\SteamLibrary\steamapps\common\Slay the Spire 2\release_info.json
[INFO] [Sentry.NET] Initialized: env=development, release=v0.103.3
[INFO] Steamworks: attempting initialization...
[INFO] Steam is running: True
[INFO] Steamworks initialization succeeded!
[INFO] Steam is enabled, we will write saves to steam storage. Enabled for account: True, app: True 
[INFO] Registered 11 migrations
[INFO] Current save versions: PrefsSave v2; ProfileSave v2; SerializableProgress v21; RunHistory v9; SerializableRun v16; SettingsSave v5
[INFO] Found mod manifest file D:\SteamLibrary\steamapps\common\Slay the Spire 2\mods\AstroLupine\AstroLupine.json
[INFO] Found mod manifest file D:\SteamLibrary\steamapps\common\Slay the Spire 2\mods\BaseLib\BaseLib.json
[INFO] Loading assembly DLL D:\SteamLibrary\steamapps\common\Slay the Spire 2\mods\BaseLib\BaseLib.dll
[INFO] Loading Godot PCK D:\SteamLibrary\steamapps\common\Slay the Spire 2\mods\BaseLib\BaseLib.pck
[INFO] Calling initializer method of type BaseLib.BaseLibMain for BaseLib, Version=3.2.1.0, Culture=neutral, PublicKeyToken=null
[INFO] [BaseLib] Created node factory for Control.
[INFO] [BaseLib] Created node factory for NCreatureVisuals.
[INFO] [BaseLib] Created node factory for NRestSiteCharacter.
[INFO] [BaseLib] Created node factory for NMerchantCharacter.
[INFO] [BaseLib] Created node factory for NEnergyCounter.
[INFO] [BaseLib] Created node factory for NCustomTreasureRoomChest.
[INFO] [BaseLib] Registered config for mod BaseLib
[INFO] [BaseLib] Performing CustomPile patch
[INFO] [BaseLib] Starting PatchAll for assembly BaseLib, Version=3.2.1.0, Culture=neutral, PublicKeyToken=null
[INFO] [BaseLib] Patching state machine: MegaCrit.Sts2.Core.Nodes.Combat.NCreature+<AnimDie>d__102
[INFO] [BaseLib] Adding new state 5 for method CustomAnimationPatch.WaitCustomAnim before Wait with result type None ()
[INFO] [BaseLib] Patching state machine: MegaCrit.Sts2.Core.Hooks.Hook+<AfterCardPlayed>d__15
[INFO] [BaseLib] Adding new state 2 for method AfterCardPlayedPatch.BeforeAfterPlayHooks before AfterCardPlayed with result type None ()
[INFO] [BaseLib] Applied 243 patches successfully, 0 failed
[INFO] Finished mod initialization for 'BaseLib' (BaseLib).
[INFO] Loading assembly DLL D:\SteamLibrary\steamapps\common\Slay the Spire 2\mods\AstroLupine\AstroLupine.dll
[INFO] Loading Godot PCK D:\SteamLibrary\steamapps\common\Slay the Spire 2\mods\AstroLupine\AstroLupine.pck
[INFO] No ModInitializerAttribute detected. Calling Harmony.PatchAll for AstroLupine, Version=1.0.0.0, Culture=neutral, PublicKeyToken=null
[INFO] Finished mod initialization for '星际“狼”客' (AstroLupine).
[INFO]  --- RUNNING MODDED! --- Loaded 2 mods (2 total)
[INFO] Syncing cloud save files to the local save directory
[WARN] Asset not cached: res://scenes/cards/card.tscn
[WARN] Asset not cached: res://scenes/cards/holders/grid_card_holder.tscn
[INFO] AtlasManager: Loaded ui_atlas with 102 sprites
[INFO] AtlasManager: Loaded compressed with 45 sprites
[INFO] [BaseLib] Performing post-mod init patch
[INFO] [BaseLib] Mod AstroLupine that modifies gameplay has BaseLib dependency; gameplay modification enabled.
[INFO] [BaseLib] Patching act types for custom encounters and events | DeprecatedAct | Glory | Hive | Overgrowth | Underdocks
[INFO] [BaseLib] Generating interop methods and properties
[INFO] [BaseLib] Found 0 SavedSpireFields.
[INFO] Loading locale path=res://localization/eng
[INFO] Found loc table from mod: eng card_keywords.json. Merging with base loc table
[INFO] Found loc table from mod: eng card_selection.json. Merging with base loc table
[INFO] Found loc table from mod: eng main_menu_ui.json. Merging with base loc table
[INFO] Found loc table from mod: eng powers.json. Merging with base loc table
[INFO] Found loc table from mod: eng settings_ui.json. Merging with base loc table
[INFO] Found loc table from mod: eng static_hover_tips.json. Merging with base loc table
[INFO] Loading locale path=res://localization/zhs
[INFO] Found loc table from mod: zhs main_menu_ui.json. Merging with base loc table
[INFO] Found loc table from mod: zhs powers.json. Merging with base loc table
[INFO] Found loc table from mod: zhs settings_ui.json. Merging with base loc table
[INFO] Found loc table from mod: zhs static_hover_tips.json. Merging with base loc table
[INFO] [BaseLib] Starting custom enum generation for 970 modded types
[INFO] [BaseLib] Generated KeyGenerator for enum MegaCrit.Sts2.Core.Entities.Cards.TargetType with starting value 10 | IsFlag: False | Half-Size: 16
[INFO] [BaseLib] Generated KeyGenerator for enum MegaCrit.Sts2.Core.Entities.Cards.CardKeyword with starting value 8 | IsFlag: False | Half-Size: 16
[INFO] ModelIdSerializationCache initialized. Categories: 19 Entries: 1622 Epochs: 57 Hash: 3243824012
[Sentry.GDExtension] Initialized: env=playtesters, release=v0.103.3
[INFO] Profile-scoped data path initialized: user://steam/76561198862905280/modded/profile1
[INFO] [Sentry.NET] Is running modded
[INFO] [Sentry.NET] Shutting down because event reporting is disabled.
[INFO] [Sentry.NET] Shutting down
[Sentry.GDExtension] Shutting down
[INFO] AtlasManager: Loaded controller_atlas with 112 sprites
[INFO] Applying display settings...
  FULLSCREEN: True
  ASPECT_RATIO: (SixteenByNine)
  TARGET_DISPLAY: (0)
  WINDOW_SIZE: (1920, 1080)
  POSITION: (-1, -1)
[INFO] [Display] Min size: (64, 64) Max size: (16384, 16384)
[INFO] [Display] Setting FULLSCREEN on Display: 1 of 2
[INFO] Window changed! New size: (1918, 1080)
[INFO] Window changed! New size: (1934, 1119)
[INFO] Window changed! New size: (1920, 1080)
[INFO] VSync: Adaptive
[INFO] SteamStatsManager: User stats received
[INFO] SteamStatsManager: Global stats received (found=True), architect damage = 266090425409
[INFO] === Godot OS Debug Information ===
Timestamp: 06/17/2026 20:04:16
OS: Windows
OS Version: 10.0.26200
Distribution Name: Windows
Device Model: MS-Challenger B760M
Is Debug Build: False
Is Sandboxed: False
Executable Path: D:/SteamLibrary/steamapps/common/Slay the Spire 2/SlayTheSpire2.exe
Data Directory: C:/Users/Joe/AppData/Roaming
User Data Directory: C:/Users/Joe/AppData/Roaming/SlayTheSpire2
Command Line Args: 
User Command Line Args: 
OS Locale: zh_CN
OS Language: zh
Game Locale: zh_CN
Is UserFS Persistent: True
Is Stdout Verbose: False
Is Low Processor Usage Mode: False
Architecture: x86_64
Engine Version: 4.5.1-m.9 (custom_build)
Is Editor: False
Release Version: v0.103.3
Release Commit: 460a0ece
Release Date: 05/29/2026 20:36:05
Processor Count: 16
Processor Name: Intel(R) Core(TM) i5-14400
Main assembly hash: -1584622192
Rendering device name: NVIDIA GeForce RTX 5060 Ti
  Graphics adapter 0: NVIDIA GeForce RTX 5060 Ti
  version: 32.0.15.0
  Graphics adapter 1: NVIDIA GeForce RTX 5060 Ti
  version: 32.0.15.0
  Graphics adapter 2: Microsoft Basic Render Driver
  version: 10.0.26100.0
Screen info (primary 0):
  Index 0: Size: (1920, 1080) Orientation: Landscape Scale: 1 DPI: 96 Refresh Rate: 60
  Index 1: Size: (1080, 1920) Orientation: Landscape Scale: 1 DPI: 96 Refresh Rate: 60
Video Memory Used: 0.0B
Memory Info:
  physical: 31.6GB
  free: 13.5GB
  available: 34.6GB
  stack: 8.0MB
  Static Memory Usage: 0.0B
  Static Memory Peak Usage: 0.0B
Important Environment Variables:
  PATH: C:\Program Files\Common Files\Oracle\Java\javapath;C:\Windows\System32;C:\Windows;C:\Windows\System32\wbem;C:\Windows\System32\WindowsPowerShell\v1.0\;C:\Windows\System32\OpenSSH\;C:\Bandizip;C:\Program Files\dotnet\;C:\Program Files\Git\cmd;C:\Program Files\NVIDIA Corporation\NVIDIA App\NvDLISR;C:\Program Files (x86)\NVIDIA Corporation\PhysX\Common;C:\Program Files\mingw64\bin;C:\Program Files\GnuPG\bin;C:\Program Files\AskLink;C:\Users\Joe\miniconda3;C:\Users\Joe\miniconda3\Library\mingw-w64\bin;C:\Users\Joe\miniconda3\Library\usr\bin;C:\Users\Joe\miniconda3\Library\bin;C:\Users\Joe\miniconda3\Scripts;C:\Users\Joe\AppData\Local\Microsoft\WindowsApps;C:\Users\Joe\AppData\Local\Python\bin;C:\Users\Joe\AppData\Local\Programs\Microsoft VS Code\bin;C:\Users\Joe\.lmstudio\bin;C:\Program Files\JetBrains\IntelliJ IDEA 2026.1.2\bin;C:\Users\Joe\AppData\Local\Microsoft\WindowsApps;
  GODOT_ROOT_DIR: 
  HOME: 
  DYLD_LIBRARY_PATH: 
  LD_LIBRARY_PATH: 

[INFO] Preloading 'IntroLogo' assets... count=3 vfx=0
[INFO] Preloading 'IntroLogo' Complete: assets=3 time_elapsed=25ms
[INFO] Preloading 'MainMenuEssentials' assets... count=5 vfx=0
[INFO] Preloading 'MainMenuEssentials' Complete: assets=5 time_elapsed=183ms
[WARN] Asset not cached: res://debug_audio/SOTE_Logo_Echoing_ShortTail.mp3
[INFO] [Startup] Time to main menu (Godot ticks): 14469ms
[INFO] [Startup] Time to main menu: 14,541ms
[INFO] [Startup] Resource stats (main menu loaded (essential)): StaticMem=0B, VRAM=465.6MB, Objects=8,849, Resources=676, Nodes=1,600, CachedAssets=10
[INFO] AtlasManager: Loaded epoch_atlas with 57 sprites
[INFO] AtlasManager: Loaded relic_atlas with 341 sprites
[INFO] AtlasManager: Loaded relic_outline_atlas with 341 sprites
[INFO] AtlasManager: Loaded power_atlas with 266 sprites
[INFO] AtlasManager: Loaded card_atlas with 864 sprites
[INFO] AtlasManager: Loaded potion_atlas with 63 sprites
[INFO] AtlasManager: Loaded potion_outline_atlas with 63 sprites
[INFO] AtlasManager: Loaded stats_screen_atlas with 16 sprites
[INFO] AtlasManager: Loaded intent_atlas with 310 sprites
[INFO] AtlasManager: Loaded era_atlas with 27 sprites
[INFO] [BaseLib] Registered scene 'res://scenes/creature_visuals/ironclad.tscn' for auto-conversion to NCreatureVisuals
[INFO] [BaseLib] Registered scene 'res://scenes/rest_site/characters/ironclad_rest_site.tscn' for auto-conversion to NRestSiteCharacter
[INFO] [BaseLib] Registered scene 'res://scenes/merchant/characters/ironclad_merchant.tscn' for auto-conversion to NMerchantCharacter
[INFO] [BaseLib] Registered scene 'res://scenes/combat/energy_counters/ironclad_energy_counter.tscn' for auto-conversion to NEnergyCounter
[INFO] Unloading 3 missed cache assets
[INFO] Preloading 'Common' assets... count=683 vfx=86
[INFO] [Startup] Resource stats (main menu loaded (complete)): StaticMem=0B, VRAM=669.4MB, Objects=8,694, Resources=673, Nodes=1,598, CachedAssets=5
[WARN] Asset not cached: res://scenes/screens/singleplayer_submenu.tscn
[INFO] Max ascension changed to 0
[INFO] Max ascension changed to 0
[INFO] [StartRunLobby (1)] CHARACTER.IRONCLAD has not revealed the Ascension Epoch, disabling Ascension.
[INFO] Preloading 'Common' Complete: assets=769 time_elapsed=4,571ms
[WARN] [BaseLib] GetRawText: Key 'ASTROLUPINE-ASTRO_LUPINE_CHARACTER.title' not found in table 'characters'
[WARN] [BaseLib] GetRawText: Key 'ASTROLUPINE-ASTRO_LUPINE_CHARACTER.description' not found in table 'characters'
[WARN] [BaseLib] GetRawText: Key 'ASTROLUPINE-ASTRO_LUPINE_STARTER_RELIC.title' not found in table 'relics'
[WARN] [BaseLib] GetRawText: Key 'ASTROLUPINE-ASTRO_LUPINE_STARTER_RELIC.description' not found in table 'relics'
[WARN] AtlasResourceLoader: Missing sprite 'astrolupine-astro_lupine_starter_relic' in relic_atlas (requested: res://images/atlases/relic_atlas.sprites/astrolupine-astro_lupine_starter_relic.tres)
[WARN] AtlasResourceLoader: Missing sprite 'astrolupine-astro_lupine_starter_relic' in relic_outline_atlas (requested: res://images/atlases/relic_outline_atlas.sprites/astrolupine-astro_lupine_starter_relic.tres)
[INFO] Max ascension changed to 0
[INFO] [StartRunLobby (1)] CHARACTER.ASTROLUPINE-ASTRO_LUPINE_CHARACTER has no progress, disabling Ascension.
[INFO] Quit button pressed
[INFO] Quit confirmed
[INFO] [BaseLib] NGame.Quit(): saving all ModConfigs
[INFO] NGame.Quit called
[INFO] Wrote 2517 bytes to path=user://steam/76561198862905280/settings.save save_dir=user://steam/76561198862905280
[INFO] Wrote 2517 bytes to settings.save in steam remote store
[INFO] Wrote 299 bytes to path=user://steam/76561198862905280/modded/profile1\saves\prefs.save save_dir=user://steam/76561198862905280
[INFO] Wrote 299 bytes to modded/profile1/saves/prefs.save in steam remote store
[INFO] Wrote 11964 bytes to path=user://steam/76561198862905280/modded/profile1\saves\progress.save save_dir=user://steam/76561198862905280
[INFO] Wrote 11964 bytes to modded/profile1/saves/progress.save in steam remote store
[INFO] Wrote 52 bytes to path=user://steam/76561198862905280/profile.save save_dir=user://steam/76561198862905280
[INFO] Wrote 52 bytes to profile.save in steam remote store
[INFO] Steamworks: shutting down...
[INFO] Steamworks shutdown succeeded!
FMOD Sound System: System released
WARNING: 1050 RIDs of type "CanvasItem" were leaked.
   at: _free_rids (servers/rendering/renderer_canvas_cull.cpp:2678)
ERROR: 1 RID allocations of type 'N26RendererEnvironmentStorage11EnvironmentE' were leaked at exit.
ERROR: 5 shaders of type CanvasShaderRD were never freed
   at: ~ShaderRD (servers/rendering/renderer_rd/shader_rd.cpp:1044)
ERROR: 30 RID allocations of type 'N10RendererRD16ParticlesStorage9ParticlesE' were leaked at exit.
ERROR: 1 shaders of type ParticlesShaderRD were never freed
   at: ~ShaderRD (servers/rendering/renderer_rd/shader_rd.cpp:1044)
ERROR: 30 RID allocations of type 'N10RendererRD11MeshStorage4MeshE' were leaked at exit.
ERROR: 125 RID allocations of type 'N10RendererRD15MaterialStorage8MaterialE' were leaked at exit.
ERROR: 6 RID allocations of type 'N10RendererRD15MaterialStorage6ShaderE' were leaked at exit.
ERROR: 25 RID allocations of type 'N10RendererRD14TextureStorage7TextureE' were leaked at exit.
WARNING: 245 RIDs of type "UniformBuffer" were leaked.
   at: _free_rids (servers/rendering/rendering_device.cpp:6981)
WARNING: 46 RIDs of type "Texture" were leaked.
   at: finalize (servers/rendering/rendering_device.cpp:7191)
ERROR: 360 RID allocations of type 'PN18TextServerAdvanced22ShapedTextDataAdvancedE' were leaked at exit.
ERROR: 3 RID allocations of type 'PN18TextServerAdvanced12FontAdvancedE' were leaked at exit.
ERROR: 4 RID allocations of type 'PN18TextServerAdvanced27FontAdvancedLinkedVariationE' were leaked at exit.
WARNING: ObjectDB instances leaked at exit (run with --verbose for details).
   at: cleanup (core/object/object.cpp:2514)
ERROR: 65 resources still in use at exit (run with --verbose for details).
   at: clear (core/io/resource.cpp:795)
